+/bin/zsh:622> directory-metadata
+ whoami
riddle
+ hostname -f
tulkun.localdomain
+ pwd
/home/riddle/tmp8/saved/CrystalMpPred/logs
+ set +x
+ git remote -v
origin	git@gitlab.com:the-study-of-crystal-structures-using-machine-learning/crystal-property-prediction.git (fetch)
origin	git@gitlab.com:the-study-of-crystal-structures-using-machine-learning/crystal-property-prediction.git (push)
+ git branch -v
+ git status
* main c33c4a5 [ahead 2] Train MNIST once again to see that the code is working for normal training (without cross validation) (also add .dat files for every metric).
On branch main
Your branch is ahead of 'origin/main' by 2 commits.
  (use "git push" to publish your local commits)

Changes not staged for commit:
  (use "git add/rm <file>..." to update what will be committed)
  (use "git restore <file>..." to discard changes in working directory)
	modified:   ../../../experiments/crystal_mp_prediction/config.yml
	modified:   info.log
	modified:   loss.dat
	modified:   loss.dat.log
	modified:   mae_score.dat
	modified:   mae_score.dat.log
	deleted:    mse_score.dat
	modified:   mse_score.dat.log
	deleted:    r_2_score.dat
	deleted:    r_2_score.dat.log
	deleted:    val_loss.dat
	deleted:    val_loss.dat.log
	deleted:    val_mae_score.dat
	deleted:    val_mae_score.dat.log
	deleted:    val_mse_score.dat
	deleted:    val_mse_score.dat.log
	deleted:    val_r_2_score.dat
	deleted:    val_r_2_score.dat.log

Untracked files:
  (use "git add <file>..." to include in what will be committed)
	../../../experiments/crystal_mp_prediction/config-normal.yml

no changes added to commit (use "git add" and/or "git commit -a")
+ df -h .
Filesystem      Size  Used Avail Use% Mounted on
/dev/nvme0n1p3  932G  786G   99G  89% /
+ type osname
osname is /home/riddle/.local/bin/scripts/osname
+ osname
Arch-rolling
+ uname -a
Linux tulkun 6.6.4-arch1-1 #1 SMP PREEMPT_DYNAMIC Mon, 04 Dec 2023 00:29:19 +0000 x86_64 GNU/Linux
+ date
Wed Dec 13 02:31:14 AM EET 2023
+/bin/zsh:623> grep 'INFO - mse_score ' info.log
+/bin/zsh:623> awk '{ print $NF }'
